[05:07:08] [main/INFO]: Environment: authHost='https://authserver.mojang.com', accountsHost='https://api.mojang.com', sessionHost='https://sessionserver.mojang.com', servicesHost='https://api.minecraftservices.com', name='PROD'
[05:07:09] [main/WARN]: Ambiguity between arguments [teleport, location] and [teleport, destination] with inputs: [0.1 -0.5 .9, 0 0 0]
[05:07:09] [main/WARN]: Ambiguity between arguments [teleport, location] and [teleport, targets] with inputs: [0.1 -0.5 .9, 0 0 0]
[05:07:09] [main/WARN]: Ambiguity between arguments [teleport, destination] and [teleport, targets] with inputs: [Player, 0123, @e, dd12be42-52a9-4a91-a8a1-11c01849e498]
[05:07:09] [main/WARN]: Ambiguity between arguments [teleport, targets] and [teleport, destination] with inputs: [Player, 0123, dd12be42-52a9-4a91-a8a1-11c01849e498]
[05:07:09] [main/WARN]: Ambiguity between arguments [teleport, targets, location] and [teleport, targets, destination] with inputs: [0.1 -0.5 .9, 0 0 0]
[05:07:09] [main/INFO]: Reloading ResourceManager: Default
[05:07:11] [Worker-Main-11/INFO]: Loaded 7 recipes
[05:07:12] [Worker-Main-11/INFO]: Loaded 1137 advancements
[05:07:15] [Server thread/INFO]: Starting minecraft server version 1.17
[05:07:15] [Server thread/INFO]: Loading properties
[05:07:15] [Server thread/INFO]: Default game type: SURVIVAL
[05:07:15] [Server thread/INFO]: Generating keypair
[05:07:15] [Server console handler/ERROR]: Exception handling console input
java.io.IOException: The handle is invalid
	at java.io.FileInputStream.readBytes(Native Method) ~[?:?]
	at java.io.FileInputStream.read(FileInputStream.java:271) ~[?:?]
	at java.io.BufferedInputStream.read1(BufferedInputStream.java:282) ~[?:?]
	at java.io.BufferedInputStream.read(BufferedInputStream.java:343) ~[?:?]
	at sun.nio.cs.StreamDecoder.readBytes(StreamDecoder.java:297) ~[?:?]
	at sun.nio.cs.StreamDecoder.implRead(StreamDecoder.java:339) ~[?:?]
	at sun.nio.cs.StreamDecoder.read(StreamDecoder.java:188) ~[?:?]
	at java.io.InputStreamReader.read(InputStreamReader.java:178) ~[?:?]
	at java.io.BufferedReader.fill(BufferedReader.java:161) ~[?:?]
	at java.io.BufferedReader.readLine(BufferedReader.java:329) ~[?:?]
	at java.io.BufferedReader.readLine(BufferedReader.java:396) ~[?:?]
	at aas$1.run(SourceFile:101) [server.jar:?]
[05:07:16] [Server thread/INFO]: Starting Minecraft server on *:25565
[05:07:16] [Server thread/INFO]: Using default channel type
[05:07:17] [Server thread/INFO]: Preparing level "world"
[05:07:28] [Server thread/INFO]: Preparing start region for dimension minecraft:overworld
[05:07:29] [Worker-Main-10/INFO]: Preparing spawn area: 0%
[05:07:29] [Worker-Main-10/INFO]: Preparing spawn area: 0%
[05:07:29] [Worker-Main-10/INFO]: Preparing spawn area: 0%
[05:07:30] [Worker-Main-11/INFO]: Preparing spawn area: 0%
[05:07:30] [Worker-Main-8/INFO]: Preparing spawn area: 0%
[05:07:31] [Worker-Main-12/INFO]: Preparing spawn area: 0%
[05:07:31] [Worker-Main-13/INFO]: Preparing spawn area: 0%
[05:07:32] [Worker-Main-13/INFO]: Preparing spawn area: 1%
[05:07:32] [Worker-Main-13/INFO]: Preparing spawn area: 1%
[05:07:33] [Worker-Main-9/INFO]: Preparing spawn area: 1%
[05:07:33] [Worker-Main-8/INFO]: Preparing spawn area: 1%
[05:07:34] [Worker-Main-14/INFO]: Preparing spawn area: 6%
[05:07:34] [Worker-Main-14/INFO]: Preparing spawn area: 6%
[05:07:35] [Worker-Main-10/INFO]: Preparing spawn area: 6%
[05:07:35] [Worker-Main-9/INFO]: Preparing spawn area: 6%
[05:07:36] [Worker-Main-9/INFO]: Preparing spawn area: 6%
[05:07:36] [Worker-Main-10/INFO]: Preparing spawn area: 6%
[05:07:37] [Worker-Main-9/INFO]: Preparing spawn area: 15%
[05:07:37] [Worker-Main-14/INFO]: Preparing spawn area: 15%
[05:07:38] [Worker-Main-12/INFO]: Preparing spawn area: 15%
[05:07:38] [Worker-Main-11/INFO]: Preparing spawn area: 15%
[05:07:39] [Worker-Main-14/INFO]: Preparing spawn area: 15%
[05:07:39] [Worker-Main-11/INFO]: Preparing spawn area: 15%
[05:07:40] [Worker-Main-14/INFO]: Preparing spawn area: 15%
[05:07:40] [Worker-Main-9/INFO]: Preparing spawn area: 15%
[05:07:41] [Worker-Main-9/INFO]: Preparing spawn area: 15%
[05:07:41] [Worker-Main-11/INFO]: Preparing spawn area: 28%
[05:07:42] [Worker-Main-12/INFO]: Preparing spawn area: 28%
[05:07:42] [Worker-Main-14/INFO]: Preparing spawn area: 28%
[05:07:43] [Worker-Main-13/INFO]: Preparing spawn area: 32%
[05:07:43] [Worker-Main-9/INFO]: Preparing spawn area: 32%
[05:07:44] [Worker-Main-10/INFO]: Preparing spawn area: 34%
[05:07:45] [Worker-Main-13/INFO]: Preparing spawn area: 34%
[05:07:45] [Worker-Main-9/INFO]: Preparing spawn area: 34%
[05:07:45] [Worker-Main-13/INFO]: Preparing spawn area: 34%
[05:07:46] [Worker-Main-11/INFO]: Preparing spawn area: 39%
[05:07:48] [Worker-Main-14/INFO]: Preparing spawn area: 40%
[05:07:48] [Worker-Main-9/INFO]: Preparing spawn area: 40%
[05:07:48] [Worker-Main-8/INFO]: Preparing spawn area: 40%
[05:07:48] [Worker-Main-14/INFO]: Preparing spawn area: 40%
[05:07:48] [Worker-Main-12/INFO]: Preparing spawn area: 44%
[05:07:52] [Worker-Main-8/INFO]: Preparing spawn area: 45%
[05:07:52] [Worker-Main-12/INFO]: Preparing spawn area: 45%
[05:07:52] [Worker-Main-12/INFO]: Preparing spawn area: 45%
[05:07:52] [Worker-Main-12/INFO]: Preparing spawn area: 45%
[05:07:52] [Worker-Main-12/INFO]: Preparing spawn area: 45%
[05:07:52] [Worker-Main-12/INFO]: Preparing spawn area: 45%
[05:07:52] [Worker-Main-12/INFO]: Preparing spawn area: 45%
[05:07:52] [Worker-Main-12/INFO]: Preparing spawn area: 54%
[05:07:53] [Worker-Main-8/INFO]: Preparing spawn area: 55%
[05:07:53] [Worker-Main-9/INFO]: Preparing spawn area: 56%
[05:07:54] [Worker-Main-11/INFO]: Preparing spawn area: 56%
[05:07:54] [Worker-Main-8/INFO]: Preparing spawn area: 56%
[05:07:56] [Worker-Main-8/INFO]: Preparing spawn area: 59%
[05:07:56] [Worker-Main-12/INFO]: Preparing spawn area: 59%
[05:07:56] [Worker-Main-13/INFO]: Preparing spawn area: 59%
[05:07:56] [Worker-Main-9/INFO]: Preparing spawn area: 59%
[05:07:57] [Worker-Main-10/INFO]: Preparing spawn area: 65%
[05:07:57] [Worker-Main-8/INFO]: Preparing spawn area: 65%
[05:07:58] [Worker-Main-12/INFO]: Preparing spawn area: 68%
[05:07:59] [Worker-Main-9/INFO]: Preparing spawn area: 68%
[05:07:59] [Worker-Main-14/INFO]: Preparing spawn area: 68%
[05:08:00] [Worker-Main-12/INFO]: Preparing spawn area: 70%
[05:08:00] [Worker-Main-13/INFO]: Preparing spawn area: 72%
[05:08:01] [Worker-Main-11/INFO]: Preparing spawn area: 72%
[05:08:01] [Worker-Main-9/INFO]: Preparing spawn area: 72%
[05:08:02] [Worker-Main-8/INFO]: Preparing spawn area: 75%
[05:08:02] [Worker-Main-11/INFO]: Preparing spawn area: 75%
[05:08:02] [Worker-Main-13/INFO]: Preparing spawn area: 77%
[05:08:04] [Worker-Main-13/INFO]: Preparing spawn area: 79%
[05:08:04] [Worker-Main-10/INFO]: Preparing spawn area: 79%
[05:08:04] [Worker-Main-12/INFO]: Preparing spawn area: 79%
[05:08:04] [Worker-Main-10/INFO]: Preparing spawn area: 79%
[05:08:05] [Worker-Main-14/INFO]: Preparing spawn area: 85%
[05:08:05] [Worker-Main-14/INFO]: Preparing spawn area: 85%
[05:08:08] [Worker-Main-11/INFO]: Preparing spawn area: 89%
[05:08:08] [Worker-Main-8/INFO]: Preparing spawn area: 89%
[05:08:08] [Worker-Main-10/INFO]: Preparing spawn area: 89%
[05:08:08] [Worker-Main-8/INFO]: Preparing spawn area: 89%
[05:08:08] [Worker-Main-8/INFO]: Preparing spawn area: 89%
[05:08:08] [Worker-Main-8/INFO]: Preparing spawn area: 89%
[05:08:09] [Worker-Main-13/INFO]: Preparing spawn area: 99%
[05:08:09] [Server thread/INFO]: Time elapsed: 40908 ms
[05:08:09] [Server thread/INFO]: Done (51.831s)! For help, type "help"
[05:08:12] [Server thread/WARN]: Can't keep up! Is the server overloaded? Running 2031ms or 40 ticks behind
[05:13:20] [Server thread/INFO]: Stopping server
[05:13:20] [Server thread/INFO]: Saving players
[05:13:20] [Server thread/INFO]: Saving worlds
[05:13:20] [Server thread/INFO]: Saving chunks for level 'ServerLevel[world]'/minecraft:overworld
[05:13:20] [Server thread/INFO]: ThreadedAnvilChunkStorage (world): All chunks are saved
[05:13:20] [Server thread/INFO]: Saving chunks for level 'ServerLevel[world]'/minecraft:the_nether
[05:13:20] [Server thread/INFO]: ThreadedAnvilChunkStorage (DIM-1): All chunks are saved
[05:13:20] [Server thread/INFO]: Saving chunks for level 'ServerLevel[world]'/minecraft:the_end
[05:13:20] [Server thread/INFO]: ThreadedAnvilChunkStorage (DIM1): All chunks are saved
[05:13:20] [Server thread/INFO]: ThreadedAnvilChunkStorage (world): All chunks are saved
[05:13:21] [Server thread/INFO]: ThreadedAnvilChunkStorage (DIM-1): All chunks are saved
[05:13:21] [Server thread/INFO]: ThreadedAnvilChunkStorage (DIM1): All chunks are saved
